<?xml version="1.0" encoding="UTF-8"?>
<!-- Generated by org.testng.reporters.JUnitReportReporter -->
<testsuite hostname="user25" failures="0" tests="1" name="runners.TaggedRunner" time="0.467" errors="0" timestamp="2024-11-18T10:30:45 IST" skipped="0">
  <testcase classname="runners.TaggedRunner" name="runScenario" time="0.467"/>
  <system-out/>
</testsuite> <!-- runners.TaggedRunner -->
